{
  "timestamp": "2025-10-11T14:29:07.435206",
  "total_duration": 5.349666118621826,
  "summary": {
    "total": 0,
    "passed": 0,
    "failed": 0,
    "errors": 0
  },
  "success_rate": 0.0,
  "results": [
    {
      "name": "الاختبارات الأساسية الشاملة",
      "file": "test_complete.py",
      "success": false,
      "duration": 2.770474672317505,
      "output": "Error connecting to Google Sheets: Credentials file not found: test_credentials.json\nError connecting to Google Sheets: Credentials file not found: test_credentials.json\nError loading config: [WinError 3] The system cannot find the path specified: ''\n\n==================================================\ntest_add_item_invalid_name (__main__.TestSheetsManager.test_add_item_invalid_name)\n\\u0627\\u062e\\u062a\\u0628\\u0627\\u0631 \\u0625\\u0636\\u0627\\u0641\\u0629 \\u0639\\u0646\\u0635\\u0631 \\u0628\\u0627\\u0633\\u0645 \\u063a\\u064a\\u0631 \\u0635\\u062d\\u064a\\u062d ... ok\ntest_add_item_invalid_quantity (__main__.TestSheetsManager.test_add_item_invalid_quantity)\n\\u0627\\u062e\\u062a\\u0628\\u0627\\u0631 \\u0625\\u0636\\u0627\\u0641\\u0629 \\u0639\\u0646\\u0635\\u0631 \\u0628\\u0643\\u0645\\u064a\\u0629 \\u063a\\u064a\\u0631 \\u0635\\u062d\\u064a\\u062d\\u0629 ... ok\ntest_add_item_success (__main__.TestSheetsManager.test_add_item_success)\n\\u0627\\u062e\\u062a\\u0628\\u0627\\u0631 \\u0646\\u062c\\u0627\\u062d \\u0625\\u0636\\u0627\\u0641\\u0629 \\u0639\\u0646\\u0635\\u0631 ... ok\ntest_connection_failure_invalid_spreadsheet (__main__.TestSheetsManager.test_connection_failure_invalid_spreadsheet)\n\\u0627\\u062e\\u062a\\u0628\\u0627\\u0631 \\u0641\\u0634\\u0644 \\u0627\\u0644\\u0627\\u062a\\u0635\\u0627\\u0644 \\u0628\\u0633\\u0628\\u0628 \\u062c\\u062f\\u0648\\u0644 \\u063a\\u064a\\u0631 \\u0645\\u0648\\u062c\\u0648\\u062f ... ok\ntest_connection_failure_no_credentials (__main__.TestSheetsManager.test_connection_failure_no_credentials)\n\\u0627\\u062e\\u062a\\u0628\\u0627\\u0631 \\u0641\\u0634\\u0644 \\u0627\\u0644\\u0627\\u062a\\u0635\\u0627\\u0644 \\u0628\\u0633\\u0628\\u0628 \\u0639\\u062f\\u0645 \\u0648\\u062c\\u0648\\u062f \\u0645\\u0644\\u0641 \\u0628\\u064a\\u0627\\u0646\\u0627\\u062a \\u0627\\u0644\\u0627\\u0639\\u062a\\u0645\\u0627\\u062f ... ok\ntest_connection_success (__main__.TestSheetsManager.test_connection_success)\n\\u0627\\u062e\\u062a\\u0628\\u0627\\u0631 \\u0646\\u062c\\u0627\\u062d \\u0627\\u0644\\u0627\\u062a\\u0635\\u0627\\u0644 ... ok\ntest_get_all_items_empty_sheet (__main__.TestSheetsManager.test_get_all_items_empty_sheet)\n\\u0627\\u062e\\u062a\\u0628\\u0627\\u0631 \\u062c\\u0644\\u0628 \\u0627\\u0644\\u0639\\u0646\\u0627\\u0635\\u0631 \\u0645\\u0646 \\u062c\\u062f\\u0648\\u0644 \\u0641\\u0627\\u0631\\u063a ... ok\ntest_get_all_items_success (__main__.TestSheetsManager.test_get_all_items_success)\n\\u0627\\u062e\\u062a\\u0628\\u0627\\u0631 \\u0646\\u062c\\u0627\\u062d \\u062c\\u0644\\u0628 \\u062c\\u0645\\u064a\\u0639 \\u0627\\u0644\\u0639\\u0646\\u0627\\u0635\\u0631 ... ok\ntest_outbound_item_insufficient_quantity (__main__.TestSheetsManager.test_outbound_item_insufficient_quantity)\n\\u0627\\u062e\\u062a\\u0628\\u0627\\u0631 \\u0625\\u062e\\u0631\\u0627\\u062c \\u0628\\u0636\\u0627\\u0639\\u0629 \\u0628\\u0643\\u0645\\u064a\\u0629 \\u0623\\u0643\\u0628\\u0631 \\u0645\\u0646 \\u0627\\u0644\\u0645\\u062a\\u0627\\u062d ... ok\ntest_outbound_item_success (__main__.TestSheetsManager.test_outbound_item_success)\n\\u0627\\u062e\\u062a\\u0628\\u0627\\u0631 \\u0646\\u062c\\u0627\\u062d \\u0625\\u062e\\u0631\\u0627\\u062c \\u0628\\u0636\\u0627\\u0639\\u0629 ... ok\ntest_remove_item_not_found (__main__.TestSheetsManager.test_remove_item_not_found)\n\\u0627\\u062e\\u062a\\u0628\\u0627\\u0631 \\u062d\\u0630\\u0641 \\u0639\\u0646\\u0635\\u0631 \\u063a\\u064a\\u0631 \\u0645\\u0648\\u062c\\u0648\\u062f ... ok\ntest_remove_item_success (__main__.TestSheetsManager.test_remove_item_success)\n\\u0627\\u062e\\u062a\\u0628\\u0627\\u0631 \\u0646\\u062c\\u0627\\u062d \\u062d\\u0630\\u0641 \\u0639\\u0646\\u0635\\u0631 ... ok\ntest_update_quantity_item_not_found (__main__.TestSheetsManager.test_update_quantity_item_not_found)\n\\u0627\\u062e\\u062a\\u0628\\u0627\\u0631 \\u062a\\u062d\\u062f\\u064a\\u062b \\u0643\\u0645\\u064a\\u0629 \\u0639\\u0646\\u0635\\u0631 \\u063a\\u064a\\u0631 \\u0645\\u0648\\u062c\\u0648\\u062f ... ok\ntest_update_quantity_success (__main__.TestSheetsManager.test_update_quantity_success)\n\\u0627\\u062e\\u062a\\u0628\\u0627\\u0631 \\u0646\\u062c\\u0627\\u062d \\u062a\\u062d\\u062f\\u064a\\u062b \\u0627\\u0644\\u0643\\u0645\\u064a\\u0629 ... ok\ntest_add_item_dialog_invalid_input (__main__.TestGUIComponents.test_add_item_dialog_invalid_input)\n\\u0627\\u062e\\u062a\\u0628\\u0627\\u0631 \\u062d\\u0648\\u0627\\u0631 \\u0625\\u0636\\u0627\\u0641\\u0629 \\u0639\\u0646\\u0635\\u0631 \\u0628\\u0645\\u062f\\u062e\\u0644\\u0627\\u062a \\u063a\\u064a\\u0631 \\u0635\\u062d\\u064a\\u062d\\u0629 ... ok\ntest_add_item_dialog_valid_input (__main__.TestGUIComponents.test_add_item_dialog_valid_input)\n\\u0627\\u062e\\u062a\\u0628\\u0627\\u0631 \\u062d\\u0648\\u0627\\u0631 \\u0625\\u0636\\u0627\\u0641\\u0629 \\u0639\\u0646\\u0635\\u0631 \\u0628\\u0645\\u062f\\u062e\\u0644\\u0627\\u062a \\u0635\\u062d\\u064a\\u062d\\u0629 ... ok\ntest_edit_quantity_dialog_valid_input (__main__.TestGUIComponents.test_edit_quantity_dialog_valid_input)\n\\u0627\\u062e\\u062a\\u0628\\u0627\\u0631 \\u062d\\u0648\\u0627\\u0631 \\u062a\\u0639\\u062f\\u064a\\u0644 \\u0627\\u0644\\u0643\\u0645\\u064a\\u0629 \\u0628\\u0645\\u062f\\u062e\\u0644\\u0627\\u062a \\u0635\\u062d\\u064a\\u062d\\u0629 ... ok\ntest_main_window_creation (__main__.TestGUIComponents.test_main_window_creation)\n\\u0627\\u062e\\u062a\\u0628\\u0627\\u0631 \\u0625\\u0646\\u0634\\u0627\\u0621 \\u0627\\u0644\\u0646\\u0627\\u0641\\u0630\\u0629 \\u0627\\u0644\\u0631\\u0626\\u064a\\u0633\\u064a\\u0629 ... ok\ntest_outbound_dialog_invalid_input (__main__.TestGUIComponents.test_outbound_dialog_invalid_input)\n\\u0627\\u062e\\u062a\\u0628\\u0627\\u0631 \\u062d\\u0648\\u0627\\u0631 \\u0625\\u062e\\u0631\\u0627\\u062c \\u0627\\u0644\\u0628\\u0636\\u0627\\u0639\\u0629 \\u0628\\u0645\\u062f\\u062e\\u0644\\u0627\\u062a \\u063a\\u064a\\u0631 \\u0635\\u062d\\u064a\\u062d\\u0629 ... ok\ntest_outbound_dialog_valid_input (__main__.TestGUIComponents.test_outbound_dialog_valid_input)\n\\u0627\\u062e\\u062a\\u0628\\u0627\\u0631 \\u062d\\u0648\\u0627\\u0631 \\u0625\\u062e\\u0631\\u0627\\u062c \\u0627\\u0644\\u0628\\u0636\\u0627\\u0639\\u0629 \\u0628\\u0645\\u062f\\u062e\\u0644\\u0627\\u062a \\u0635\\u062d\\u064a\\u062d\\u0629 ... ok\ntest_load_config_file_not_found (__main__.TestConfiguration.test_load_config_file_not_found)\n\\u0627\\u062e\\u062a\\u0628\\u0627\\u0631 \\u062a\\u062d\\u0645\\u064a\\u0644 \\u0627\\u0644\\u0625\\u0639\\u062f\\u0627\\u062f\\u0627\\u062a \\u0639\\u0646\\u062f \\u0639\\u062f\\u0645 \\u0648\\u062c\\u0648\\u062f \\u0627\\u0644\\u0645\\u0644\\u0641 ... ok\ntest_load_config_success (__main__.TestConfiguration.test_load_config_success)\n\\u0627\\u062e\\u062a\\u0628\\u0627\\u0631 \\u0646\\u062c\\u0627\\u062d \\u062a\\u062d\\u0645\\u064a\\u0644 \\u0627\\u0644\\u0625\\u0639\\u062f\\u0627\\u062f\\u0627\\u062a ... ok\ntest_save_config_success (__main__.TestConfiguration.test_save_config_success)\n\\u0627\\u062e\\u062a\\u0628\\u0627\\u0631 \\u0646\\u062c\\u0627\\u062d \\u062d\\u0641\\u0638 \\u0627\\u0644\\u0625\\u0639\\u062f\\u0627\\u062f\\u0627\\u062a ... ok\ntest_get_text_formatting_error (__main__.TestLocalization.test_get_text_formatting_error)\n\\u0627\\u062e\\u062a\\u0628\\u0627\\u0631 \\u062e\\u0637\\u0623 \\u0641\\u064a \\u0627\\u0644\\u062a\\u0646\\u0633\\u064a\\u0642 ... ok\ntest_get_text_missing_key (__main__.TestLocalization.test_get_text_missing_key)\n\\u0627\\u062e\\u062a\\u0628\\u0627\\u0631 \\u0627\\u0633\\u062a\\u0631\\u062c\\u0627\\u0639 \\u0646\\u0635 \\u063a\\u064a\\u0631 \\u0645\\u0648\\u062c\\u0648\\u062f ... ok\ntest_get_text_simple (__main__.TestLocalization.test_get_text_simple)\n\\u0627\\u062e\\u062a\\u0628\\u0627\\u0631 \\u0627\\u0633\\u062a\\u0631\\u062c\\u0627\\u0639 \\u0646\\u0635 \\u0628\\u0633\\u064a\\u0637 ... ok\ntest_get_text_with_formatting (__main__.TestLocalization.test_get_text_with_formatting)\n\\u0627\\u062e\\u062a\\u0628\\u0627\\u0631 \\u0627\\u0633\\u062a\\u0631\\u062c\\u0627\\u0639 \\u0646\\u0635 \\u0645\\u0639 \\u062a\\u0646\\u0633\\u064a\\u0642 ... ok\ntest_complete_workflow (__main__.TestIntegration.test_complete_workflow)\n\\u0627\\u062e\\u062a\\u0628\\u0627\\u0631 \\u062a\\u062f\\u0641\\u0642 \\u0627\\u0644\\u0639\\u0645\\u0644 \\u0627\\u0644\\u0643\\u0627\\u0645\\u0644 ... ok\ntest_error_handling_workflow (__main__.TestIntegration.test_error_handling_workflow)\n\\u0627\\u062e\\u062a\\u0628\\u0627\\u0631 \\u062a\\u062f\\u0641\\u0642 \\u0627\\u0644\\u0639\\u0645\\u0644 \\u0645\\u0639 \\u0627\\u0644\\u0623\\u062e\\u0637\\u0627\\u0621 ... ok\ntest_large_dataset_handling (__main__.TestPerformance.test_large_dataset_handling)\n\\u0627\\u062e\\u062a\\u0628\\u0627\\u0631 \\u0627\\u0644\\u062a\\u0639\\u0627\\u0645\\u0644 \\u0645\\u0639 \\u0643\\u0645\\u064a\\u0629 \\u0643\\u0628\\u064a\\u0631\\u0629 \\u0645\\u0646 \\u0627\\u0644\\u0628\\u064a\\u0627\\u0646\\u0627\\u062a ... ok\ntest_memory_usage (__main__.TestPerformance.test_memory_usage)\n\\u0627\\u062e\\u062a\\u0628\\u0627\\u0631 \\u0627\\u0633\\u062a\\u0647\\u0644\\u0627\\u0643 \\u0627\\u0644\\u0630\\u0627\\u0643\\u0631\\u0629 ... ok\n\n----------------------------------------------------------------------\nRan 31 tests in 1.384s\n\nOK\nTraceback (most recent call last):\n  File \"D:\\StrucTech Projects\\Inventory System\\tests\\test_complete.py\", line 637, in <module>\n    success = run_all_tests()\n              ^^^^^^^^^^^^^^^\n  File \"D:\\StrucTech Projects\\Inventory System\\tests\\test_complete.py\", line 627, in run_all_tests\n    print(f\"\\u0646\\u062a\\u0627\\u0626\\u062c \\u0627\\u0644\\u0627\\u062e\\u062a\\u0628\\u0627\\u0631\\u0627\\u062a:\")\n  File \"C:\\Python312\\Lib\\encodings\\cp1252.py\", line 19, in encode\n    return codecs.charmap_encode(input,self.errors,encoding_table)[0]\n           ^^^^^^^^^^^^^^^^^^^^^^^^^^^^^^^^^^^^^^^^^^^^^^^^^^^^^^^\nUnicodeEncodeError: 'charmap' codec can't encode characters in position 0-4: character maps to <undefined>\n",
      "return_code": 1
    },
    {
      "name": "اختبارات الضغط والتحمل",
      "file": "test_stress.py",
      "success": false,
      "duration": 1.2779109477996826,
      "output": "Traceback (most recent call last):\n  File \"D:\\StrucTech Projects\\Inventory System\\tests\\test_stress.py\", line 392, in <module>\n    success = run_stress_tests()\n              ^^^^^^^^^^^^^^^^^^\n  File \"D:\\StrucTech Projects\\Inventory System\\tests\\test_stress.py\", line 346, in run_stress_tests\n    print(\"\\u0628\\u062f\\u0621 \\u0627\\u062e\\u062a\\u0628\\u0627\\u0631\\u0627\\u062a \\u0627\\u0644\\u0636\\u063a\\u0637 \\u0648\\u0627\\u0644\\u062a\\u062d\\u0645\\u0644...\")\n  File \"C:\\Python312\\Lib\\encodings\\cp1252.py\", line 19, in encode\n    return codecs.charmap_encode(input,self.errors,encoding_table)[0]\n           ^^^^^^^^^^^^^^^^^^^^^^^^^^^^^^^^^^^^^^^^^^^^^^^^^^^^^^^\nUnicodeEncodeError: 'charmap' codec can't encode characters in position 0-2: character maps to <undefined>\n",
      "return_code": 1
    },
    {
      "name": "اختبارات الأمان والحماية",
      "file": "test_security.py",
      "success": false,
      "duration": 1.2992706298828125,
      "output": "Traceback (most recent call last):\n  File \"D:\\StrucTech Projects\\Inventory System\\tests\\test_security.py\", line 363, in <module>\n    success = run_security_tests()\n              ^^^^^^^^^^^^^^^^^^^^\n  File \"D:\\StrucTech Projects\\Inventory System\\tests\\test_security.py\", line 319, in run_security_tests\n    print(\"\\u0628\\u062f\\u0621 \\u0627\\u062e\\u062a\\u0628\\u0627\\u0631\\u0627\\u062a \\u0627\\u0644\\u0623\\u0645\\u0627\\u0646 \\u0648\\u0627\\u0644\\u062d\\u0645\\u0627\\u064a\\u0629...\")\n  File \"C:\\Python312\\Lib\\encodings\\cp1252.py\", line 19, in encode\n    return codecs.charmap_encode(input,self.errors,encoding_table)[0]\n           ^^^^^^^^^^^^^^^^^^^^^^^^^^^^^^^^^^^^^^^^^^^^^^^^^^^^^^^\nUnicodeEncodeError: 'charmap' codec can't encode characters in position 0-2: character maps to <undefined>\n",
      "return_code": 1
    }
  ]
}